*** Before killing ttn
  329 root      11740 S   /bin/ttn 
  336 root      11740 S   /bin/ttn 
  337 root      11740 S < /bin/ttn 
  346 root        436 S   grep ttn 
-- end ps-list --
*** After killing ttn
  351 root        436 S   grep ttn 
-- end ps-list --
-- start watchdog every 10 sec --
 10:30:35 up 1 min, load average: 1.09, 0.32, 0.10
 10:30:46 up 1 min, load average: 1.22, 0.37, 0.12
 10:30:56 up 2 min, load average: 1.34, 0.42, 0.14
 10:31:07 up 2 min, load average: 1.44, 0.48, 0.16
 10:31:17 up 2 min, load average: 1.45, 0.51, 0.18
 10:31:28 up 2 min, load average: 1.72, 0.61, 0.22
 10:31:38 up 2 min, load average: 1.76, 0.66, 0.23
 10:31:49 up 2 min, load average: 1.80, 0.70, 0.25
 10:31:59 up 3 min, load average: 1.75, 0.73, 0.27
 10:32:10 up 3 min, load average: 1.71, 0.75, 0.28
 10:32:20 up 3 min, load average: 1.75, 0.79, 0.30
 10:32:31 up 3 min, load average: 1.79, 0.83, 0.31
 10:32:41 up 3 min, load average: 1.82, 0.87, 0.33
 10:32:52 up 3 min, load average: 1.77, 0.89, 0.34
 10:33:02 up 4 min, load average: 1.73, 0.91, 0.36
 10:33:13 up 4 min, load average: 1.99, 1.01, 0.40
 10:33:23 up 4 min, load average: 1.99, 1.04, 0.41
 10:33:34 up 4 min, load average: 1.91, 1.06, 0.43
 10:33:44 up 4 min, load average: 1.92, 1.09, 0.44
 10:33:55 up 4 min, load average: 1.85, 1.10, 0.45
 10:34:05 up 5 min, load average: 1.87, 1.13, 0.47
 10:34:16 up 5 min, load average: 1.89, 1.16, 0.48
 10:34:26 up 5 min, load average: 1.91, 1.18, 0.50
 10:34:37 up 5 min, load average: 1.92, 1.21, 0.52
 10:34:47 up 5 min, load average: 1.93, 1.24, 0.53
 10:34:58 up 6 min, load average: 2.01, 1.29, 0.56
 10:35:08 up 6 min, load average: 2.01, 1.31, 0.57
 10:35:19 up 6 min, load average: 1.93, 1.32, 0.58
 10:35:29 up 6 min, load average: 1.86, 1.32, 0.59
 10:35:40 up 6 min, load average: 1.80, 1.33, 0.60
 10:35:50 up 6 min, load average: 1.83, 1.35, 0.62
 10:36:01 up 7 min, load average: 1.86, 1.37, 0.63
 10:36:11 up 7 min, load average: 1.88, 1.39, 0.64
 10:36:22 up 7 min, load average: 1.89, 1.41, 0.66
 10:36:32 up 7 min, load average: 1.91, 1.43, 0.67
 10:36:43 up 7 min, load average: 1.98, 1.47, 0.70
 10:36:53 up 7 min, load average: 1.98, 1.49, 0.71
 10:37:03 up 8 min, load average: 1.99, 1.50, 0.72
 10:37:14 up 8 min, load average: 1.91, 1.50, 0.73
 10:37:24 up 8 min, load average: 1.92, 1.52, 0.75
 10:37:35 up 8 min, load average: 1.93, 1.53, 0.76
 10:37:45 up 8 min, load average: 1.94, 1.55, 0.77
 10:37:56 up 8 min, load average: 1.95, 1.56, 0.78
 10:38:06 up 9 min, load average: 1.95, 1.57, 0.80
 10:38:17 up 9 min, load average: 2.04, 1.60, 0.81
 10:38:27 up 9 min, load average: 2.17, 1.66, 0.84
 10:38:38 up 9 min, load average: 2.14, 1.67, 0.85
 10:38:48 up 9 min, load average: 2.04, 1.66, 0.86
 10:38:59 up 10 min, load average: 2.03, 1.67, 0.87
 10:39:09 up 10 min, load average: 2.02, 1.68, 0.88
 10:39:20 up 10 min, load average: 1.94, 1.67, 0.89
 10:39:30 up 10 min, load average: 1.95, 1.68, 0.90
 10:39:41 up 10 min, load average: 1.95, 1.69, 0.91
 10:39:51 up 10 min, load average: 1.96, 1.70, 0.92
 10:40:02 up 11 min, load average: 1.96, 1.71, 0.93
 10:40:12 up 11 min, load average: 2.11, 1.76, 0.96
 10:40:23 up 11 min, load average: 2.09, 1.77, 0.97
 10:40:33 up 11 min, load average: 2.15, 1.79, 0.99
 10:40:44 up 11 min, load average: 2.05, 1.78, 0.99
 10:40:54 up 11 min, load average: 2.04, 1.79, 1.00
 10:41:05 up 12 min, load average: 1.96, 1.78, 1.01
 10:41:15 up 12 min, load average: 1.96, 1.78, 1.02
 10:41:26 up 12 min, load average: 1.97, 1.79, 1.03
 10:41:36 up 12 min, load average: 1.97, 1.80, 1.04
 10:41:47 up 12 min, load average: 1.90, 1.78, 1.04
 10:41:57 up 13 min, load average: 1.91, 1.79, 1.05
 10:42:08 up 13 min, load average: 2.00, 1.82, 1.07
 10:42:18 up 13 min, load average: 2.00, 1.82, 1.08
 10:42:29 up 13 min, load average: 1.91, 1.81, 1.09
 10:42:39 up 13 min, load average: 1.93, 1.82, 1.09
 10:42:50 up 13 min, load average: 1.94, 1.82, 1.10
 10:43:00 up 14 min, load average: 1.95, 1.83, 1.11
 10:43:11 up 14 min, load average: 1.95, 1.83, 1.12
 10:43:21 up 14 min, load average: 1.96, 1.84, 1.13
 10:43:32 up 14 min, load average: 1.96, 1.84, 1.14
 10:43:42 up 14 min, load average: 2.04, 1.86, 1.16
 10:43:53 up 14 min, load average: 2.03, 1.87, 1.17
 10:44:03 up 15 min, load average: 2.02, 1.87, 1.17
 10:44:14 up 15 min, load average: 2.02, 1.88, 1.18
 10:44:24 up 15 min, load average: 2.02, 1.88, 1.19
 10:44:35 up 15 min, load average: 2.01, 1.88, 1.20
 10:44:45 up 15 min, load average: 2.01, 1.89, 1.21
 10:44:56 up 15 min, load average: 2.01, 1.89, 1.21
 10:45:06 up 16 min, load average: 2.00, 1.89, 1.22
 10:45:17 up 16 min, load average: 2.00, 1.89, 1.23
 10:45:27 up 16 min, load average: 2.00, 1.90, 1.24
 10:45:38 up 16 min, load average: 1.99, 1.90, 1.25
 10:45:48 up 16 min, load average: 1.99, 1.90, 1.26
 10:45:59 up 17 min, load average: 2.07, 1.92, 1.27
 10:46:09 up 17 min, load average: 2.06, 1.93, 1.28
 10:46:20 up 17 min, load average: 2.05, 1.93, 1.28
 10:46:30 up 17 min, load average: 2.04, 1.93, 1.29
 10:46:41 up 17 min, load average: 1.95, 1.91, 1.29
 10:46:51 up 17 min, load average: 1.96, 1.92, 1.30
 10:47:02 up 18 min, load average: 1.96, 1.92, 1.31
 10:47:12 up 18 min, load average: 1.89, 1.90, 1.31
 10:47:23 up 18 min, load average: 1.98, 1.92, 1.32
 10:47:33 up 18 min, load average: 1.98, 1.93, 1.33
 10:47:44 up 18 min, load average: 1.91, 1.91, 1.33
 10:47:54 up 18 min, load average: 1.92, 1.91, 1.34
 10:48:04 up 19 min, load average: 1.86, 1.90, 1.34
 10:48:15 up 19 min, load average: 1.88, 1.90, 1.35
 10:48:25 up 19 min, load average: 1.82, 1.89, 1.35
 10:48:36 up 19 min, load average: 1.84, 1.89, 1.35
 10:48:46 up 19 min, load average: 1.87, 1.89, 1.36
 10:48:57 up 20 min, load average: 1.89, 1.90, 1.37
 10:49:07 up 20 min, load average: 1.98, 1.92, 1.38
 10:49:18 up 20 min, load average: 1.98, 1.92, 1.39
 10:49:28 up 20 min, load average: 1.91, 1.90, 1.39
 10:49:39 up 20 min, load average: 1.85, 1.89, 1.39
 10:49:49 up 20 min, load average: 1.87, 1.89, 1.39
 10:50:00 up 21 min, load average: 1.81, 1.88, 1.39
 10:50:10 up 21 min, load average: 1.84, 1.88, 1.40
 10:50:21 up 21 min, load average: 1.87, 1.89, 1.41
 10:50:31 up 21 min, load average: 1.88, 1.89, 1.41
 10:50:42 up 21 min, load average: 1.90, 1.89, 1.42
 10:50:52 up 21 min, load average: 1.92, 1.89, 1.42
 10:51:03 up 22 min, load average: 2.20, 1.96, 1.45
 10:51:13 up 22 min, load average: 2.17, 1.96, 1.46
 10:51:24 up 22 min, load average: 2.14, 1.97, 1.46
 10:51:34 up 22 min, load average: 2.12, 1.97, 1.47
 10:51:45 up 22 min, load average: 2.10, 1.97, 1.47
 10:51:55 up 22 min, load average: 2.08, 1.97, 1.48
 10:52:06 up 23 min, load average: 2.00, 1.95, 1.48
 10:52:16 up 23 min, load average: 1.91, 1.93, 1.48
 10:52:27 up 23 min, load average: 1.85, 1.92, 1.48
 10:52:37 up 23 min, load average: 1.87, 1.92, 1.48
 10:52:48 up 23 min, load average: 2.10, 1.97, 1.51
 10:52:58 up 24 min, load average: 2.08, 1.97, 1.51
 10:53:09 up 24 min, load average: 2.07, 1.97, 1.52
 10:53:19 up 24 min, load average: 1.98, 1.96, 1.51
 10:53:30 up 24 min, load average: 1.98, 1.96, 1.52
 10:53:40 up 24 min, load average: 1.98, 1.96, 1.52
 10:53:51 up 24 min, load average: 1.98, 1.96, 1.53
 10:54:01 up 25 min, load average: 1.98, 1.96, 1.53
 10:54:12 up 25 min, load average: 1.99, 1.96, 1.54
 10:54:22 up 25 min, load average: 1.99, 1.96, 1.54
 10:54:32 up 25 min, load average: 2.26, 2.03, 1.57
 10:54:43 up 25 min, load average: 2.14, 2.01, 1.57
 10:54:54 up 25 min, load average: 2.12, 2.01, 1.57
 10:55:04 up 26 min, load average: 2.10, 2.01, 1.58
 10:55:15 up 26 min, load average: 2.08, 2.01, 1.58
 10:55:25 up 26 min, load average: 2.15, 2.02, 1.59
 10:55:36 up 26 min, load average: 2.13, 2.02, 1.59
 10:55:46 up 26 min, load average: 2.10, 2.02, 1.60
 10:55:57 up 27 min, load average: 2.09, 2.02, 1.60
 10:56:07 up 27 min, load average: 2.07, 2.02, 1.61
 10:56:17 up 27 min, load average: 2.25, 2.06, 1.63
 10:56:28 up 27 min, load average: 2.21, 2.06, 1.63
 10:56:38 up 27 min, load average: 2.17, 2.06, 1.63
 10:56:49 up 27 min, load average: 2.15, 2.05, 1.64
 10:56:59 up 28 min, load average: 2.05, 2.04, 1.64
 10:57:10 up 28 min, load average: 2.04, 2.03, 1.64
 10:57:20 up 28 min, load average: 2.03, 2.03, 1.64
 10:57:31 up 28 min, load average: 2.03, 2.03, 1.64
 10:57:41 up 28 min, load average: 2.02, 2.03, 1.65
 10:57:52 up 28 min, load average: 2.02, 2.03, 1.65
 10:58:02 up 29 min, load average: 2.21, 2.07, 1.67
 10:58:13 up 29 min, load average: 2.25, 2.08, 1.68
 10:58:24 up 29 min, load average: 2.21, 2.08, 1.68
 10:58:34 up 29 min, load average: 2.18, 2.08, 1.68
 10:58:45 up 29 min, load average: 2.07, 2.06, 1.68
 10:58:55 up 29 min, load average: 2.06, 2.06, 1.68
 10:59:06 up 30 min, load average: 2.05, 2.05, 1.69
 10:59:16 up 30 min, load average: 2.04, 2.05, 1.69
 10:59:26 up 30 min, load average: 2.03, 2.05, 1.69
 10:59:37 up 30 min, load average: 2.03, 2.05, 1.70
 10:59:47 up 30 min, load average: 1.94, 2.03, 1.70
 10:59:58 up 31 min, load average: 1.95, 2.03, 1.70
 11:00:08 up 31 min, load average: 1.96, 2.02, 1.70
 11:00:19 up 31 min, load average: 1.96, 2.02, 1.70
 11:00:29 up 31 min, load average: 1.97, 2.02, 1.71
 11:00:40 up 31 min, load average: 1.97, 2.02, 1.71
 11:00:50 up 31 min, load average: 1.97, 2.02, 1.71
 11:01:00 up 32 min, load average: 1.98, 2.02, 1.72
 11:01:11 up 32 min, load average: 1.98, 2.02, 1.72
 11:01:21 up 32 min, load average: 2.06, 2.03, 1.73
 11:01:32 up 32 min, load average: 1.97, 2.01, 1.72
 11:01:42 up 32 min, load average: 1.97, 2.01, 1.73
 11:01:53 up 32 min, load average: 1.97, 2.01, 1.73
 11:02:03 up 33 min, load average: 1.90, 2.00, 1.72
 11:02:14 up 33 min, load average: 1.92, 2.00, 1.73
 11:02:24 up 33 min, load average: 1.93, 2.00, 1.73
 11:02:34 up 33 min, load average: 1.94, 2.00, 1.73
 11:02:45 up 33 min, load average: 1.95, 2.00, 1.73
 11:02:55 up 33 min, load average: 1.95, 2.00, 1.73
 11:03:06 up 34 min, load average: 1.96, 2.00, 1.74
 11:03:16 up 34 min, load average: 1.96, 2.00, 1.74
 11:03:27 up 34 min, load average: 1.89, 1.98, 1.74
 11:03:37 up 34 min, load average: 1.98, 2.00, 1.74
 11:03:48 up 34 min, load average: 2.05, 2.01, 1.75
 11:03:58 up 35 min, load average: 2.04, 2.01, 1.75
 11:04:09 up 35 min, load average: 2.03, 2.01, 1.75
 11:04:19 up 35 min, load average: 2.03, 2.01, 1.76
 11:04:30 up 35 min, load average: 2.02, 2.01, 1.76
 11:04:40 up 35 min, load average: 2.02, 2.01, 1.76
 11:04:50 up 35 min, load average: 2.01, 2.00, 1.76
 11:05:01 up 36 min, load average: 2.01, 2.00, 1.76
 11:05:12 up 36 min, load average: 2.01, 2.00, 1.77
 11:05:22 up 36 min, load average: 2.00, 2.00, 1.77
 11:05:32 up 36 min, load average: 2.14, 2.03, 1.78
 11:05:43 up 36 min, load average: 2.12, 2.03, 1.78
 11:05:53 up 36 min, load average: 2.10, 2.03, 1.79
 11:06:04 up 37 min, load average: 2.08, 2.03, 1.79
 11:06:14 up 37 min, load average: 2.07, 2.02, 1.79
 11:06:25 up 37 min, load average: 1.98, 2.01, 1.79
 11:06:35 up 37 min, load average: 1.98, 2.01, 1.79
 11:06:46 up 37 min, load average: 1.98, 2.00, 1.79
 11:06:56 up 38 min, load average: 1.90, 1.99, 1.79
 11:07:07 up 38 min, load average: 1.92, 1.99, 1.79
 11:07:17 up 38 min, load average: 1.93, 1.99, 1.79
 11:07:28 up 38 min, load average: 2.21, 2.05, 1.81
 11:07:38 up 38 min, load average: 2.18, 2.05, 1.82
 11:07:49 up 38 min, load average: 2.15, 2.05, 1.82
 11:07:59 up 39 min, load average: 2.13, 2.05, 1.82
 11:08:10 up 39 min, load average: 2.11, 2.04, 1.82
 11:08:20 up 39 min, load average: 2.09, 2.04, 1.82
 11:08:31 up 39 min, load average: 2.00, 2.02, 1.81
 11:08:41 up 39 min, load average: 2.00, 2.02, 1.82
 11:08:52 up 39 min, load average: 1.92, 2.01, 1.81
 11:09:02 up 40 min, load average: 1.93, 2.00, 1.81
 11:09:13 up 40 min, load average: 2.22, 2.07, 1.84
 11:09:23 up 40 min, load average: 2.18, 2.06, 1.84
 11:09:33 up 40 min, load average: 2.16, 2.06, 1.84
 11:09:44 up 40 min, load average: 2.13, 2.06, 1.84
 11:09:54 up 40 min, load average: 2.11, 2.06, 1.84
 11:10:05 up 41 min, load average: 2.09, 2.05, 1.84
 11:10:15 up 41 min, load average: 2.08, 2.05, 1.84
 11:10:26 up 41 min, load average: 2.06, 2.05, 1.84
 11:10:36 up 41 min, load average: 2.05, 2.05, 1.84
 11:10:47 up 41 min, load average: 2.04, 2.05, 1.85
 11:10:57 up 42 min, load average: 2.03, 2.04, 1.85
 11:11:08 up 42 min, load average: 2.16, 2.07, 1.86
 11:11:18 up 42 min, load average: 2.21, 2.09, 1.86
 11:11:29 up 42 min, load average: 2.18, 2.08, 1.87
 11:11:39 up 42 min, load average: 2.08, 2.06, 1.86
 11:11:50 up 42 min, load average: 2.06, 2.06, 1.86
 11:12:00 up 43 min, load average: 2.05, 2.06, 1.86
 11:12:10 up 43 min, load average: 2.04, 2.05, 1.86
 11:12:21 up 43 min, load average: 2.04, 2.05, 1.87
 11:12:31 up 43 min, load average: 2.03, 2.05, 1.87
 11:12:42 up 43 min, load average: 2.02, 2.05, 1.87
 11:12:52 up 43 min, load average: 2.08, 2.06, 1.87
 11:13:03 up 44 min, load average: 2.06, 2.06, 1.87
 11:13:13 up 44 min, load average: 2.05, 2.05, 1.88
 11:13:24 up 44 min, load average: 2.04, 2.05, 1.88
 11:13:34 up 44 min, load average: 2.04, 2.05, 1.88
 11:13:45 up 44 min, load average: 2.03, 2.05, 1.88
 11:13:55 up 44 min, load average: 1.95, 2.03, 1.87
 11:14:06 up 45 min, load average: 1.96, 2.03, 1.88
 11:14:16 up 45 min, load average: 1.96, 2.03, 1.88
 11:14:27 up 45 min, load average: 1.97, 2.02, 1.88
 11:14:37 up 45 min, load average: 1.97, 2.02, 1.88
 11:14:48 up 45 min, load average: 1.97, 2.02, 1.88
 11:14:58 up 46 min, load average: 1.97, 2.02, 1.88
 11:15:09 up 46 min, load average: 1.98, 2.02, 1.88
 11:15:19 up 46 min, load average: 1.98, 2.02, 1.88
 11:15:30 up 46 min, load average: 1.98, 2.02, 1.88
 11:15:40 up 46 min, load average: 1.91, 2.00, 1.88
 11:15:51 up 46 min, load average: 1.85, 1.98, 1.87
 11:16:01 up 47 min, load average: 1.80, 1.97, 1.87
 11:16:12 up 47 min, load average: 1.83, 1.97, 1.87
 11:16:22 up 47 min, load average: 1.85, 1.97, 1.87
 11:16:33 up 47 min, load average: 2.09, 2.01, 1.89
 11:16:43 up 47 min, load average: 2.07, 2.01, 1.89
 11:16:53 up 47 min, load average: 2.06, 2.01, 1.89
 11:17:04 up 48 min, load average: 2.05, 2.01, 1.89
 11:17:14 up 48 min, load average: 2.04, 2.01, 1.89
 11:17:25 up 48 min, load average: 2.03, 2.01, 1.89
 11:17:35 up 48 min, load average: 2.03, 2.01, 1.90
 11:17:46 up 48 min, load average: 1.95, 1.99, 1.89
 11:17:56 up 48 min, load average: 1.95, 1.99, 1.89
 11:18:07 up 49 min, load average: 1.96, 1.99, 1.89
 11:18:17 up 49 min, load average: 1.97, 1.99, 1.89
 11:18:28 up 49 min, load average: 1.96, 1.99, 1.90
 11:18:38 up 49 min, load average: 1.96, 1.99, 1.90
 11:18:49 up 49 min, load average: 1.97, 1.99, 1.90
 11:18:59 up 50 min, load average: 1.97, 1.99, 1.90
 11:19:09 up 50 min, load average: 1.98, 1.99, 1.90
 11:19:20 up 50 min, load average: 1.98, 1.99, 1.90
 11:19:30 up 50 min, load average: 1.91, 1.97, 1.90
 11:19:41 up 50 min, load average: 1.84, 1.96, 1.89
 11:19:51 up 50 min, load average: 1.86, 1.96, 1.89
 11:20:02 up 51 min, load average: 1.88, 1.96, 1.89
 11:20:12 up 51 min, load average: 2.11, 2.01, 1.91
 11:20:23 up 51 min, load average: 2.09, 2.01, 1.91
 11:20:33 up 51 min, load average: 2.08, 2.01, 1.91
 11:20:44 up 51 min, load average: 2.06, 2.01, 1.91
 11:20:54 up 51 min, load average: 2.05, 2.00, 1.91
 11:21:05 up 52 min, load average: 2.04, 2.00, 1.91
 11:21:15 up 52 min, load average: 2.04, 2.00, 1.91
 11:21:26 up 52 min, load average: 2.03, 2.00, 1.91
 11:21:36 up 52 min, load average: 2.02, 2.00, 1.91
 11:21:47 up 52 min, load average: 2.02, 2.00, 1.91
 11:21:57 up 53 min, load average: 1.86, 1.97, 1.90
 11:22:07 up 53 min, load average: 2.03, 2.00, 1.91
 11:22:18 up 53 min, load average: 2.02, 2.00, 1.91
 11:22:28 up 53 min, load average: 2.02, 2.00, 1.91
 11:22:39 up 53 min, load average: 1.93, 1.98, 1.91
 11:22:49 up 53 min, load average: 1.94, 1.98, 1.91
 11:23:00 up 54 min, load average: 1.95, 1.98, 1.91
 11:23:10 up 54 min, load average: 1.96, 1.98, 1.91
 11:23:21 up 54 min, load average: 1.96, 1.98, 1.91
 11:23:31 up 54 min, load average: 1.97, 1.98, 1.91
 11:23:42 up 54 min, load average: 1.97, 1.98, 1.91
 11:23:52 up 54 min, load average: 2.04, 2.00, 1.91
 11:24:03 up 55 min, load average: 2.04, 2.00, 1.91
 11:24:13 up 55 min, load average: 2.03, 2.00, 1.91
 11:24:24 up 55 min, load average: 2.02, 2.00, 1.91
 11:24:34 up 55 min, load average: 2.02, 2.00, 1.91
 11:24:45 up 55 min, load average: 2.01, 2.00, 1.91
 11:24:55 up 55 min, load average: 2.01, 2.00, 1.91
 11:25:06 up 56 min, load average: 1.93, 1.98, 1.91
 11:25:16 up 56 min, load average: 1.94, 1.98, 1.91
 11:25:27 up 56 min, load average: 1.95, 1.98, 1.91
 11:25:37 up 56 min, load average: 1.96, 1.98, 1.91
 11:25:48 up 56 min, load average: 2.17, 2.03, 1.92
 11:25:58 up 57 min, load average: 2.22, 2.04, 1.93
 11:26:08 up 57 min, load average: 2.19, 2.04, 1.93
 11:26:19 up 57 min, load average: 2.16, 2.04, 1.93
 11:26:29 up 57 min, load average: 2.13, 2.04, 1.93
 11:26:40 up 57 min, load average: 2.04, 2.02, 1.92
 11:26:50 up 57 min, load average: 2.03, 2.02, 1.92
 11:27:01 up 58 min, load average: 2.02, 2.02, 1.92
 11:27:11 up 58 min, load average: 2.02, 2.01, 1.92
 11:27:22 up 58 min, load average: 2.01, 2.01, 1.92
 11:27:32 up 58 min, load average: 2.01, 2.01, 1.92
 11:27:42 up 58 min, load average: 2.41, 2.11, 1.95
 11:27:53 up 58 min, load average: 2.35, 2.10, 1.95
 11:28:04 up 59 min, load average: 2.22, 2.08, 1.95
 11:28:14 up 59 min, load average: 2.18, 2.08, 1.95
 11:28:25 up 59 min, load average: 2.16, 2.08, 1.95
 11:28:35 up 59 min, load average: 2.06, 2.06, 1.94
 11:28:46 up 59 min, load average: 1.97, 2.04, 1.94
 11:28:56 up 59 min, load average: 1.97, 2.04, 1.94
 11:29:07 up  1:00, load average: 1.89, 2.02, 1.93
 11:29:17 up  1:00, load average: 1.91, 2.02, 1.93
 11:29:27 up  1:00, load average: 2.00, 2.03, 1.94
 11:29:38 up  1:00, load average: 2.00, 2.03, 1.94
 11:29:48 up  1:00, load average: 2.00, 2.03, 1.94
 11:29:59 up  1:01, load average: 2.00, 2.02, 1.94
 11:30:09 up  1:01, load average: 2.00, 2.02, 1.94
 11:30:20 up  1:01, load average: 2.00, 2.02, 1.94
 11:30:30 up  1:01, load average: 2.00, 2.02, 1.94
 11:30:41 up  1:01, load average: 2.00, 2.02, 1.94
 11:30:51 up  1:01, load average: 1.92, 2.00, 1.93
 11:31:02 up  1:02, load average: 1.93, 2.00, 1.93
 11:31:12 up  1:02, load average: 2.08, 2.03, 1.94
 11:31:23 up  1:02, load average: 2.07, 2.03, 1.94
 11:31:33 up  1:02, load average: 2.06, 2.03, 1.94
 11:31:44 up  1:02, load average: 1.97, 2.01, 1.94
 11:31:54 up  1:02, load average: 1.97, 2.01, 1.94
 11:32:05 up  1:03, load average: 1.97, 2.01, 1.94
 11:32:15 up  1:03, load average: 1.98, 2.01, 1.94
 11:32:26 up  1:03, load average: 1.98, 2.01, 1.94
 11:32:36 up  1:03, load average: 1.98, 2.01, 1.94
 11:32:47 up  1:03, load average: 1.98, 2.00, 1.94
 11:32:57 up  1:04, load average: 1.98, 2.00, 1.94
 11:33:08 up  1:04, load average: 2.12, 2.03, 1.95
 11:33:18 up  1:04, load average: 2.02, 2.02, 1.94
 11:33:29 up  1:04, load average: 2.02, 2.01, 1.94
 11:33:40 up  1:04, load average: 2.01, 2.01, 1.94
 11:33:50 up  1:04, load average: 2.01, 2.01, 1.94
 11:34:01 up  1:05, load average: 2.01, 2.01, 1.94
 11:34:11 up  1:05, load average: 2.00, 2.01, 1.94
 11:34:22 up  1:05, load average: 2.00, 2.01, 1.94
 11:34:32 up  1:05, load average: 1.92, 1.99, 1.94
 11:34:43 up  1:05, load average: 2.19, 2.06, 1.96
 11:34:53 up  1:05, load average: 2.08, 2.04, 1.95
 11:35:03 up  1:06, load average: 2.07, 2.03, 1.95
 11:35:14 up  1:06, load average: 2.05, 2.03, 1.95
 11:35:24 up  1:06, load average: 2.05, 2.03, 1.95
 11:35:35 up  1:06, load average: 2.04, 2.03, 1.95
 11:35:45 up  1:06, load average: 2.03, 2.03, 1.95
 11:35:56 up  1:06, load average: 1.95, 2.01, 1.95
 11:36:06 up  1:07, load average: 1.88, 1.99, 1.94
 11:36:17 up  1:07, load average: 1.90, 1.99, 1.94
 11:36:27 up  1:07, load average: 1.83, 1.97, 1.94
 11:36:38 up  1:07, load average: 2.21, 2.05, 1.96
 11:36:48 up  1:07, load average: 2.17, 2.05, 1.96
 11:36:58 up  1:08, load average: 2.15, 2.05, 1.96
 11:37:09 up  1:08, load average: 2.12, 2.05, 1.96
 11:37:19 up  1:08, load average: 2.03, 2.03, 1.96
 11:37:30 up  1:08, load average: 2.02, 2.03, 1.96
 11:37:40 up  1:08, load average: 2.02, 2.03, 1.96
 11:37:51 up  1:08, load average: 2.01, 2.02, 1.96
 11:38:01 up  1:09, load average: 2.01, 2.02, 1.96
 11:38:12 up  1:09, load average: 2.01, 2.02, 1.96
 11:38:22 up  1:09, load average: 2.01, 2.02, 1.96
 11:38:32 up  1:09, load average: 2.21, 2.07, 1.98
 11:38:43 up  1:09, load average: 2.17, 2.06, 1.98
 11:38:53 up  1:09, load average: 2.15, 2.06, 1.98
 11:39:04 up  1:10, load average: 2.12, 2.06, 1.98
 11:39:14 up  1:10, load average: 2.10, 2.06, 1.98
 11:39:25 up  1:10, load average: 2.09, 2.05, 1.98
 11:39:35 up  1:10, load average: 2.07, 2.05, 1.98
 11:39:46 up  1:10, load average: 2.06, 2.05, 1.98
 11:39:56 up  1:11, load average: 2.05, 2.05, 1.98
 11:40:07 up  1:11, load average: 1.96, 2.03, 1.97
 11:40:17 up  1:11, load average: 2.03, 2.04, 1.98
 11:40:28 up  1:11, load average: 2.03, 2.04, 1.98
 11:40:38 up  1:11, load average: 1.95, 2.02, 1.97
 11:40:49 up  1:11, load average: 1.88, 2.00, 1.96
 11:40:59 up  1:12, load average: 1.90, 2.00, 1.96
 11:41:10 up  1:12, load average: 1.84, 1.99, 1.96
 11:41:20 up  1:12, load average: 1.86, 1.99, 1.96
 11:41:31 up  1:12, load average: 1.88, 1.99, 1.96
 11:41:41 up  1:12, load average: 1.90, 1.99, 1.96
 11:41:52 up  1:12, load average: 1.91, 1.99, 1.96
 11:42:02 up  1:13, load average: 1.93, 1.99, 1.96
 11:42:13 up  1:13, load average: 2.01, 2.00, 1.96
 11:42:23 up  1:13, load average: 1.93, 1.98, 1.96
 11:42:34 up  1:13, load average: 1.94, 1.98, 1.96
 11:42:44 up  1:13, load average: 1.95, 1.98, 1.96
 11:42:55 up  1:13, load average: 1.96, 1.98, 1.96
 11:43:05 up  1:14, load average: 1.96, 1.98, 1.96
 11:43:16 up  1:14, load average: 1.97, 1.98, 1.96
 11:43:26 up  1:14, load average: 1.90, 1.97, 1.95
 11:43:37 up  1:14, load average: 1.91, 1.97, 1.95
 11:43:47 up  1:14, load average: 1.92, 1.97, 1.95
 11:43:58 up  1:15, load average: 2.01, 1.98, 1.96
 11:44:08 up  1:15, load average: 2.00, 1.98, 1.96
 11:44:19 up  1:15, load average: 1.85, 1.95, 1.95
 11:44:29 up  1:15, load average: 1.87, 1.95, 1.95
 11:44:40 up  1:15, load average: 1.89, 1.95, 1.95
 11:44:50 up  1:15, load average: 1.91, 1.95, 1.95
 11:45:00 up  1:16, load average: 1.92, 1.96, 1.95
 11:45:11 up  1:16, load average: 1.93, 1.96, 1.95
 11:45:21 up  1:16, load average: 1.94, 1.96, 1.95
 11:45:32 up  1:16, load average: 1.87, 1.94, 1.94
 11:45:42 up  1:16, load average: 1.89, 1.94, 1.94
 11:45:53 up  1:16, load average: 1.98, 1.96, 1.95
 11:46:03 up  1:17, load average: 1.98, 1.96, 1.95
 11:46:14 up  1:17, load average: 2.06, 1.98, 1.95
 11:46:24 up  1:17, load average: 2.05, 1.98, 1.95
 11:46:34 up  1:17, load average: 2.04, 1.98, 1.95
 11:46:45 up  1:17, load average: 2.04, 1.98, 1.95
 11:46:55 up  1:17, load average: 1.88, 1.95, 1.94
 11:47:06 up  1:18, load average: 1.81, 1.93, 1.94
 11:47:16 up  1:18, load average: 1.84, 1.93, 1.94
 11:47:27 up  1:18, load average: 1.79, 1.92, 1.93
 11:47:37 up  1:18, load average: 1.74, 1.90, 1.93
 11:47:48 up  1:18, load average: 1.86, 1.92, 1.93
 11:47:58 up  1:19, load average: 1.88, 1.93, 1.93
 11:48:09 up  1:19, load average: 1.90, 1.93, 1.93
 11:48:19 up  1:19, load average: 1.91, 1.93, 1.93
 11:48:30 up  1:19, load average: 1.93, 1.93, 1.93
 11:48:40 up  1:19, load average: 1.94, 1.93, 1.93
 11:48:50 up  1:19, load average: 1.95, 1.94, 1.93
 11:49:01 up  1:20, load average: 1.95, 1.94, 1.93
 11:49:11 up  1:20, load average: 1.96, 1.94, 1.93
 11:49:22 up  1:20, load average: 1.88, 1.92, 1.93
 11:49:32 up  1:20, load average: 2.06, 1.96, 1.94
 11:49:43 up  1:20, load average: 1.97, 1.94, 1.93
 11:49:53 up  1:20, load average: 1.90, 1.93, 1.93
 11:50:04 up  1:21, load average: 1.91, 1.93, 1.93
 11:50:14 up  1:21, load average: 1.85, 1.91, 1.92
 11:50:25 up  1:21, load average: 1.87, 1.92, 1.92
 11:50:35 up  1:21, load average: 1.82, 1.90, 1.92
 11:50:46 up  1:21, load average: 1.84, 1.90, 1.92
 11:50:56 up  1:21, load average: 1.87, 1.91, 1.92
 11:51:06 up  1:22, load average: 1.89, 1.91, 1.92
 11:51:17 up  1:22, load average: 1.90, 1.91, 1.92
 11:51:27 up  1:22, load average: 1.92, 1.91, 1.92
 11:51:38 up  1:22, load average: 1.93, 1.92, 1.92
 11:51:48 up  1:22, load average: 1.94, 1.92, 1.92
 11:51:59 up  1:23, load average: 1.95, 1.92, 1.92
 11:52:09 up  1:23, load average: 2.04, 1.94, 1.92
 11:52:20 up  1:23, load average: 1.96, 1.92, 1.92
 11:52:30 up  1:23, load average: 1.96, 1.93, 1.92
 11:52:41 up  1:23, load average: 1.89, 1.91, 1.91
 11:52:51 up  1:23, load average: 1.83, 1.90, 1.91
 11:53:02 up  1:24, load average: 1.85, 1.90, 1.91
 11:53:12 up  1:24, load average: 1.88, 1.90, 1.91
 11:53:23 up  1:24, load average: 1.97, 1.92, 1.91
 11:53:33 up  1:24, load average: 1.97, 1.92, 1.91
 11:53:44 up  1:24, load average: 1.98, 1.93, 1.91
 11:53:54 up  1:24, load average: 1.98, 1.93, 1.91
 11:54:04 up  1:25, load average: 1.98, 1.93, 1.91
 11:54:15 up  1:25, load average: 1.98, 1.93, 1.91
 11:54:25 up  1:25, load average: 1.91, 1.92, 1.91
 11:54:36 up  1:25, load average: 1.92, 1.92, 1.91
 11:54:46 up  1:25, load average: 1.93, 1.92, 1.91
 11:54:57 up  1:26, load average: 1.87, 1.91, 1.90
 11:55:07 up  1:26, load average: 1.89, 1.91, 1.90
 11:55:18 up  1:26, load average: 2.11, 1.96, 1.92
 11:55:28 up  1:26, load average: 2.02, 1.95, 1.91
 11:55:38 up  1:26, load average: 2.02, 1.95, 1.91
 11:55:49 up  1:26, load average: 1.93, 1.93, 1.91
 11:55:59 up  1:27, load average: 1.94, 1.93, 1.91
 11:56:10 up  1:27, load average: 1.95, 1.93, 1.91
 11:56:20 up  1:27, load average: 1.96, 1.94, 1.91
 11:56:31 up  1:27, load average: 1.96, 1.94, 1.91
 11:56:41 up  1:27, load average: 1.97, 1.94, 1.91
 11:56:52 up  1:27, load average: 1.97, 1.94, 1.91
 11:57:02 up  1:28, load average: 2.05, 1.96, 1.91
 11:57:12 up  1:28, load average: 2.38, 2.04, 1.94
 11:57:23 up  1:28, load average: 2.32, 2.04, 1.94
 11:57:33 up  1:28, load average: 2.19, 2.02, 1.93
 11:57:44 up  1:28, load average: 2.16, 2.02, 1.93
 11:57:54 up  1:28, load average: 2.05, 2.00, 1.93
 11:58:05 up  1:29, load average: 1.97, 1.98, 1.92
 11:58:15 up  1:29, load average: 1.97, 1.98, 1.92
 11:58:26 up  1:29, load average: 1.98, 1.98, 1.92
 11:58:36 up  1:29, load average: 1.98, 1.98, 1.92
 11:58:47 up  1:29, load average: 1.98, 1.98, 1.92
 11:58:57 up  1:30, load average: 1.98, 1.98, 1.92
 11:59:07 up  1:30, load average: 2.11, 2.01, 1.93
 11:59:18 up  1:30, load average: 2.10, 2.01, 1.93
 11:59:28 up  1:30, load average: 2.08, 2.01, 1.93
 11:59:39 up  1:30, load average: 2.07, 2.01, 1.93
 11:59:49 up  1:30, load average: 2.06, 2.01, 1.93
 12:00:00 up  1:31, load average: 2.05, 2.01, 1.93
 12:00:10 up  1:31, load average: 1.96, 1.99, 1.93
