*** Before killing ttn
  329 root      11792 S   /bin/ttn 
  336 root      11792 S   /bin/ttn 
  337 root      11792 S < /bin/ttn 
  346 root        436 S   grep ttn 
-- end ps-list --
*** After killing ttn
  351 root        436 S   grep ttn 
-- end ps-list --
-- start watchdog every 10 sec --
 21:41:42 up 2 min, load average: 1.00, 0.36, 0.13
 21:41:52 up 2 min, load average: 1.15, 0.42, 0.15
 21:42:03 up 2 min, load average: 1.20, 0.45, 0.16
 21:42:13 up 2 min, load average: 1.44, 0.54, 0.19
 21:42:24 up 2 min, load average: 1.53, 0.59, 0.21
 21:42:35 up 2 min, load average: 1.60, 0.64, 0.23
 21:42:45 up 3 min, load average: 1.66, 0.68, 0.25
 21:42:56 up 3 min, load average: 1.71, 0.72, 0.27
 21:43:06 up 3 min, load average: 1.75, 0.76, 0.29
 21:43:16 up 3 min, load average: 1.79, 0.80, 0.30
 21:43:27 up 3 min, load average: 1.82, 0.84, 0.32
 21:43:37 up 4 min, load average: 1.85, 0.88, 0.34
 21:43:48 up 4 min, load average: 1.79, 0.90, 0.35
 21:43:58 up 4 min, load average: 1.90, 0.97, 0.38
 21:44:09 up 4 min, load average: 1.92, 1.00, 0.40
 21:44:19 up 4 min, load average: 1.93, 1.03, 0.42
 21:44:30 up 4 min, load average: 1.94, 1.07, 0.43
 21:44:40 up 5 min, load average: 1.95, 1.10, 0.45
 21:44:51 up 5 min, load average: 1.95, 1.12, 0.46
 21:45:01 up 5 min, load average: 1.96, 1.15, 0.48
 21:45:12 up 5 min, load average: 1.96, 1.18, 0.50
 21:45:23 up 5 min, load average: 1.97, 1.21, 0.51
 21:45:33 up 5 min, load average: 1.97, 1.24, 0.54
 21:45:44 up 6 min, load average: 1.98, 1.27, 0.55
 21:45:54 up 6 min, load average: 1.98, 1.29, 0.56
 21:46:05 up 6 min, load average: 1.98, 1.31, 0.58
 21:46:15 up 6 min, load average: 1.98, 1.34, 0.59
 21:46:26 up 6 min, load average: 1.98, 1.36, 0.61
 21:46:36 up 6 min, load average: 1.99, 1.38, 0.62
 21:46:47 up 7 min, load average: 1.99, 1.40, 0.64
 21:46:57 up 7 min, load average: 1.99, 1.42, 0.65
 21:47:08 up 7 min, load average: 1.91, 1.42, 0.66
 21:47:18 up 7 min, load average: 1.85, 1.43, 0.68
 21:47:29 up 7 min, load average: 1.80, 1.43, 0.68
 21:47:39 up 8 min, load average: 1.83, 1.45, 0.70
 21:47:50 up 8 min, load average: 1.85, 1.47, 0.71
 21:48:00 up 8 min, load average: 1.88, 1.48, 0.72
 21:48:11 up 8 min, load average: 1.89, 1.50, 0.74
 21:48:21 up 8 min, load average: 1.91, 1.52, 0.75
 21:48:32 up 8 min, load average: 1.92, 1.53, 0.76
 21:48:42 up 9 min, load average: 1.93, 1.55, 0.78
 21:48:53 up 9 min, load average: 1.94, 1.56, 0.79
 21:49:03 up 9 min, load average: 1.95, 1.57, 0.80
 21:49:13 up 9 min, load average: 2.16, 1.64, 0.83
 21:49:24 up 9 min, load average: 2.14, 1.65, 0.85
 21:49:34 up 9 min, load average: 2.11, 1.66, 0.86
 21:49:45 up 10 min, load average: 2.02, 1.66, 0.86
 21:49:55 up 10 min, load average: 2.01, 1.67, 0.88
 21:50:06 up 10 min, load average: 2.01, 1.68, 0.89
 21:50:16 up 10 min, load average: 2.01, 1.69, 0.90
 21:50:27 up 10 min, load average: 2.00, 1.70, 0.91
 21:50:37 up 10 min, load average: 2.00, 1.71, 0.92
 21:50:48 up 11 min, load average: 2.00, 1.72, 0.93
 21:50:58 up 11 min, load average: 2.00, 1.73, 0.94
 21:51:09 up 11 min, load average: 2.07, 1.75, 0.96
 21:51:19 up 11 min, load average: 2.05, 1.76, 0.98
 21:51:30 up 11 min, load average: 2.05, 1.77, 0.99
 21:51:40 up 12 min, load average: 2.04, 1.78, 1.00
 21:51:51 up 12 min, load average: 2.03, 1.78, 1.01
 21:52:01 up 12 min, load average: 1.95, 1.77, 1.01
 21:52:11 up 12 min, load average: 1.96, 1.78, 1.02
 21:52:22 up 12 min, load average: 1.96, 1.79, 1.03
 21:52:32 up 12 min, load average: 1.97, 1.79, 1.04
 21:52:43 up 13 min, load average: 1.97, 1.80, 1.05
 21:52:53 up 13 min, load average: 2.04, 1.82, 1.07
 21:53:04 up 13 min, load average: 2.04, 1.83, 1.08
 21:53:14 up 13 min, load average: 2.03, 1.83, 1.09
 21:53:25 up 13 min, load average: 2.02, 1.84, 1.10
 21:53:35 up 13 min, load average: 2.02, 1.84, 1.11
 21:53:46 up 14 min, load average: 1.93, 1.83, 1.11
 21:53:56 up 14 min, load average: 1.94, 1.84, 1.12
 21:54:07 up 14 min, load average: 1.95, 1.84, 1.13
 21:54:17 up 14 min, load average: 1.96, 1.85, 1.14
 21:54:28 up 14 min, load average: 1.96, 1.85, 1.15
 21:54:38 up 15 min, load average: 2.04, 1.87, 1.16
 21:54:49 up 15 min, load average: 2.03, 1.88, 1.17
 21:54:59 up 15 min, load average: 2.02, 1.88, 1.18
 21:55:10 up 15 min, load average: 2.02, 1.88, 1.19
 21:55:20 up 15 min, load average: 2.02, 1.89, 1.20
 21:55:31 up 15 min, load average: 2.01, 1.89, 1.20
 21:55:41 up 16 min, load average: 2.01, 1.89, 1.21
 21:55:52 up 16 min, load average: 2.01, 1.89, 1.22
 21:56:02 up 16 min, load average: 1.93, 1.88, 1.22
 21:56:13 up 16 min, load average: 1.94, 1.88, 1.23
 21:56:23 up 16 min, load average: 2.02, 1.91, 1.25
 21:56:34 up 16 min, load average: 2.02, 1.91, 1.26
 21:56:44 up 17 min, load average: 1.94, 1.89, 1.26
 21:56:55 up 17 min, load average: 1.95, 1.90, 1.27
 21:57:05 up 17 min, load average: 1.95, 1.90, 1.27
 21:57:16 up 17 min, load average: 2.04, 1.92, 1.29
 21:57:26 up 17 min, load average: 1.96, 1.91, 1.29
 21:57:36 up 17 min, load average: 1.96, 1.91, 1.29
 21:57:47 up 18 min, load average: 1.97, 1.91, 1.30
 21:57:57 up 18 min, load average: 1.89, 1.90, 1.30
 21:58:08 up 18 min, load average: 1.91, 1.90, 1.31
 21:58:19 up 18 min, load average: 2.06, 1.93, 1.33
 21:58:29 up 18 min, load average: 2.05, 1.94, 1.34
 21:58:40 up 19 min, load average: 2.04, 1.94, 1.34
 21:58:50 up 19 min, load average: 2.03, 1.94, 1.35
 21:59:00 up 19 min, load average: 2.03, 1.94, 1.36
 21:59:11 up 19 min, load average: 2.02, 1.94, 1.36
 21:59:21 up 19 min, load average: 2.02, 1.94, 1.37
 21:59:32 up 19 min, load average: 2.01, 1.94, 1.38
 21:59:42 up 20 min, load average: 2.01, 1.94, 1.38
 21:59:53 up 20 min, load average: 2.01, 1.94, 1.39
 22:00:03 up 20 min, load average: 2.00, 1.95, 1.39
 22:00:14 up 20 min, load average: 2.07, 1.96, 1.41
 22:00:24 up 20 min, load average: 1.98, 1.95, 1.41
 22:00:35 up 20 min, load average: 1.91, 1.93, 1.41
 22:00:45 up 21 min, load average: 1.92, 1.93, 1.41
 22:00:56 up 21 min, load average: 1.93, 1.94, 1.42
 22:01:06 up 21 min, load average: 1.94, 1.94, 1.43
 22:01:17 up 21 min, load average: 1.95, 1.94, 1.43
 22:01:27 up 21 min, load average: 1.95, 1.94, 1.44
 22:01:38 up 22 min, load average: 1.88, 1.92, 1.44
 22:01:48 up 22 min, load average: 1.99, 1.94, 1.45
 22:01:59 up 22 min, load average: 1.99, 1.94, 1.46
 22:02:09 up 22 min, load average: 1.99, 1.95, 1.46
 22:02:20 up 22 min, load average: 1.83, 1.91, 1.46
 22:02:30 up 22 min, load average: 1.86, 1.92, 1.46
 22:02:41 up 23 min, load average: 1.88, 1.92, 1.47
 22:02:51 up 23 min, load average: 1.82, 1.90, 1.47
 22:03:02 up 23 min, load average: 1.84, 1.91, 1.47
 22:03:12 up 23 min, load average: 1.87, 1.91, 1.47
 22:03:23 up 23 min, load average: 1.89, 1.91, 1.48
 22:03:33 up 23 min, load average: 1.90, 1.91, 1.48
 22:03:43 up 24 min, load average: 2.19, 1.98, 1.51
 22:03:54 up 24 min, load average: 2.16, 1.98, 1.52
 22:04:05 up 24 min, load average: 2.14, 1.98, 1.52
 22:04:15 up 24 min, load average: 2.11, 1.98, 1.53
 22:04:26 up 24 min, load average: 2.09, 1.98, 1.53
 22:04:36 up 24 min, load average: 2.08, 1.98, 1.54
 22:04:47 up 25 min, load average: 2.07, 1.98, 1.54
 22:04:57 up 25 min, load average: 2.05, 1.98, 1.55
 22:05:08 up 25 min, load average: 2.05, 1.98, 1.55
 22:05:18 up 25 min, load average: 2.04, 1.98, 1.55
 22:05:29 up 25 min, load average: 2.10, 2.00, 1.57
 22:05:39 up 26 min, load average: 2.08, 2.00, 1.57
 22:05:50 up 26 min, load average: 2.07, 2.00, 1.57
 22:06:00 up 26 min, load average: 1.98, 1.98, 1.57
 22:06:10 up 26 min, load average: 1.98, 1.98, 1.58
 22:06:21 up 26 min, load average: 1.98, 1.98, 1.58
 22:06:31 up 26 min, load average: 1.99, 1.98, 1.58
 22:06:42 up 27 min, load average: 1.99, 1.98, 1.59
 22:06:52 up 27 min, load average: 1.99, 1.98, 1.59
 22:07:03 up 27 min, load average: 1.91, 1.96, 1.59
 22:07:13 up 27 min, load average: 1.84, 1.95, 1.59
 22:07:24 up 27 min, load average: 1.64, 1.90, 1.58
Sat Jun 4 22:07:24 CEST 2011  *** killing by watchdog ***
