*** Before killing ttn
  329 root      11748 S   /bin/ttn 
  336 root      11748 S   /bin/ttn 
  337 root      11748 S < /bin/ttn 
  346 root        436 S   grep ttn 
-- end ps-list --
*** After killing ttn
  351 root        436 S   grep ttn 
-- end ps-list --
-- start watchdog every 10 sec --
 22:56:12 up 12 min, load average: 0.52, 0.18, 0.10
 22:56:22 up 12 min, load average: 0.68, 0.22, 0.12
 22:56:34 up 12 min, load average: 0.81, 0.26, 0.13
 22:56:45 up 12 min, load average: 1.37, 0.40, 0.18
 22:56:56 up 13 min, load average: 1.86, 0.56, 0.23
 22:57:06 up 13 min, load average: 2.27, 0.69, 0.28
 22:57:17 up 13 min, load average: 2.45, 0.78, 0.31
 22:57:28 up 13 min, load average: 2.68, 0.88, 0.35
 22:57:38 up 13 min, load average: 2.81, 0.97, 0.39
 22:57:49 up 14 min, load average: 2.76, 1.02, 0.41
 22:58:00 up 14 min, load average: 2.85, 1.13, 0.45
 22:58:11 up 14 min, load average: 3.03, 1.22, 0.49
 22:58:22 up 14 min, load average: 3.25, 1.33, 0.53
 22:58:33 up 14 min, load average: 3.29, 1.40, 0.56
 22:58:44 up 14 min, load average: 3.31, 1.47, 0.60
 22:58:55 up 15 min, load average: 3.41, 1.55, 0.63
